<?xml version="1.0" encoding="UTF-8"?>
<testng-results ignored="0" total="1" passed="1" failed="0" skipped="0">
  <reporter-output>
  </reporter-output>
  <suite started-at="2023-04-13T16:31:15 IST" name="Cucumber Base Automation" finished-at="2023-04-13T16:31:27 IST" duration-ms="12843">
    <groups>
      <group name="cucumber">
        <method signature="AbstractTestNGCucumberTests.runScenario(io.cucumber.testng.PickleWrapper,io.cucumber.testng.FeatureWrapper)[pri:0, instance:CommonUtils.TestRunner@543295b0]" name="runScenario" class="io.cucumber.testng.AbstractTestNGCucumberTests"/>
      </group> <!-- cucumber -->
    </groups>
    <test started-at="2023-04-13T16:31:15 IST" name="TestRunnerTests" finished-at="2023-04-13T16:31:27 IST" duration-ms="12843">
      <class name="CommonUtils.TestRunner">
        <test-method is-config="true" signature="setUpClass(org.testng.ITestContext)[pri:0, instance:CommonUtils.TestRunner@543295b0]" started-at="2023-04-13T16:31:15 IST" name="setUpClass" finished-at="2023-04-13T16:31:16 IST" duration-ms="1083" status="PASS">
          <params>
            <param index="0">
              <value>
                <![CDATA[org.testng.TestRunner@72ed9aad]]>
              </value>
            </param>
          </params>
          <reporter-output>
          </reporter-output>
        </test-method> <!-- setUpClass -->
        <test-method signature="runScenario(io.cucumber.testng.PickleWrapper,io.cucumber.testng.FeatureWrapper)[pri:0, instance:CommonUtils.TestRunner@543295b0]" started-at="2023-04-13T16:31:16 IST" name="runScenario" description="Runs Cucumber Scenarios" data-provider="scenarios" finished-at="2023-04-13T16:31:25 IST" duration-ms="8765" status="PASS">
          <params>
            <param index="0">
              <value>
                <![CDATA["login test with valid test data"]]>
              </value>
            </param>
            <param index="1">
              <value>
                <![CDATA["Verify login functionality"]]>
              </value>
            </param>
          </params>
          <reporter-output>
          </reporter-output>
        </test-method> <!-- runScenario -->
        <test-method is-config="true" signature="tearDownClass()[pri:0, instance:CommonUtils.TestRunner@543295b0]" started-at="2023-04-13T16:31:25 IST" name="tearDownClass" finished-at="2023-04-13T16:31:27 IST" duration-ms="2884" status="PASS">
          <reporter-output>
          </reporter-output>
        </test-method> <!-- tearDownClass -->
      </class> <!-- CommonUtils.TestRunner -->
    </test> <!-- TestRunnerTests -->
  </suite> <!-- Cucumber Base Automation -->
</testng-results>
